[WARN] 2023-02-15 18:40:51.771379+00:00 | Cached file C:\Users\Luke\Large Projects\Discord\MEE6 Slander Rewrite\.env
[WARN] 2023-02-15 18:40:51.771379+00:00 | Added directory C:\Users\Luke\Large Projects\Discord\MEE6 Slander Rewrite\.git
[WARN] 2023-02-15 18:40:51.771379+00:00 | Cached file C:\Users\Luke\Large Projects\Discord\MEE6 Slander Rewrite\.git\COMMIT_EDITMSG
[WARN] 2023-02-15 18:40:51.772577+00:00 | Cached file C:\Users\Luke\Large Projects\Discord\MEE6 Slander Rewrite\.git\config
[WARN] 2023-02-15 18:40:51.772577+00:00 | Cached file C:\Users\Luke\Large Projects\Discord\MEE6 Slander Rewrite\.git\description
[WARN] 2023-02-15 18:40:51.773081+00:00 | Cached file C:\Users\Luke\Large Projects\Discord\MEE6 Slander Rewrite\.git\FETCH_HEAD
[WARN] 2023-02-15 18:40:51.773081+00:00 | Cached file C:\Users\Luke\Large Projects\Discord\MEE6 Slander Rewrite\.git\HEAD
[WARN] 2023-02-15 18:40:51.773081+00:00 | Added directory C:\Users\Luke\Large Projects\Discord\MEE6 Slander Rewrite\.git\hooks
[WARN] 2023-02-15 18:40:51.773081+00:00 | Cached file C:\Users\Luke\Large Projects\Discord\MEE6 Slander Rewrite\.git\hooks\applypatch-msg.sample
[WARN] 2023-02-15 18:40:51.774130+00:00 | Cached file C:\Users\Luke\Large Projects\Discord\MEE6 Slander Rewrite\.git\hooks\commit-msg.sample
[WARN] 2023-02-15 18:40:51.774130+00:00 | Cached file C:\Users\Luke\Large Projects\Discord\MEE6 Slander Rewrite\.git\hooks\fsmonitor-watchman.sample
[WARN] 2023-02-15 18:40:51.774130+00:00 | Cached file C:\Users\Luke\Large Projects\Discord\MEE6 Slander Rewrite\.git\hooks\post-update.sample
[WARN] 2023-02-15 18:40:51.774130+00:00 | Cached file C:\Users\Luke\Large Projects\Discord\MEE6 Slander Rewrite\.git\hooks\pre-applypatch.sample
[WARN] 2023-02-15 18:40:51.775213+00:00 | Cached file C:\Users\Luke\Large Projects\Discord\MEE6 Slander Rewrite\.git\hooks\pre-commit.sample
[WARN] 2023-02-15 18:40:51.775213+00:00 | Cached file C:\Users\Luke\Large Projects\Discord\MEE6 Slander Rewrite\.git\hooks\pre-merge-commit.sample
[WARN] 2023-02-15 18:40:51.775717+00:00 | Cached file C:\Users\Luke\Large Projects\Discord\MEE6 Slander Rewrite\.git\hooks\pre-push.sample
[WARN] 2023-02-15 18:40:51.775717+00:00 | Cached file C:\Users\Luke\Large Projects\Discord\MEE6 Slander Rewrite\.git\hooks\pre-rebase.sample
[WARN] 2023-02-15 18:40:51.775717+00:00 | Cached file C:\Users\Luke\Large Projects\Discord\MEE6 Slander Rewrite\.git\hooks\pre-receive.sample
[WARN] 2023-02-15 18:40:51.776718+00:00 | Cached file C:\Users\Luke\Large Projects\Discord\MEE6 Slander Rewrite\.git\hooks\prepare-commit-msg.sample
[WARN] 2023-02-15 18:40:51.776718+00:00 | Cached file C:\Users\Luke\Large Projects\Discord\MEE6 Slander Rewrite\.git\hooks\push-to-checkout.sample
[WARN] 2023-02-15 18:40:51.776718+00:00 | Cached file C:\Users\Luke\Large Projects\Discord\MEE6 Slander Rewrite\.git\hooks\update.sample
[WARN] 2023-02-15 18:40:51.776718+00:00 | Cached file C:\Users\Luke\Large Projects\Discord\MEE6 Slander Rewrite\.git\index
[WARN] 2023-02-15 18:40:51.776718+00:00 | Added directory C:\Users\Luke\Large Projects\Discord\MEE6 Slander Rewrite\.git\info
[WARN] 2023-02-15 18:40:51.777882+00:00 | Cached file C:\Users\Luke\Large Projects\Discord\MEE6 Slander Rewrite\.git\info\exclude
[WARN] 2023-02-15 18:40:51.778385+00:00 | Added directory C:\Users\Luke\Large Projects\Discord\MEE6 Slander Rewrite\.git\logs
[WARN] 2023-02-15 18:40:51.778385+00:00 | Cached file C:\Users\Luke\Large Projects\Discord\MEE6 Slander Rewrite\.git\logs\HEAD
[WARN] 2023-02-15 18:40:51.778385+00:00 | Added directory C:\Users\Luke\Large Projects\Discord\MEE6 Slander Rewrite\.git\logs\refs
[WARN] 2023-02-15 18:40:51.778385+00:00 | Added directory C:\Users\Luke\Large Projects\Discord\MEE6 Slander Rewrite\.git\logs\refs\heads
[WARN] 2023-02-15 18:40:51.779386+00:00 | Cached file C:\Users\Luke\Large Projects\Discord\MEE6 Slander Rewrite\.git\logs\refs\heads\Main
[WARN] 2023-02-15 18:40:51.779386+00:00 | Added directory C:\Users\Luke\Large Projects\Discord\MEE6 Slander Rewrite\.git\objects
[WARN] 2023-02-15 18:40:51.779386+00:00 | Added directory C:\Users\Luke\Large Projects\Discord\MEE6 Slander Rewrite\.git\objects\0a
[WARN] 2023-02-15 18:40:51.780386+00:00 | Cached file C:\Users\Luke\Large Projects\Discord\MEE6 Slander Rewrite\.git\objects\0a\69409772d613cc747e1abb193a6de84464261a
[WARN] 2023-02-15 18:40:51.780386+00:00 | Added directory C:\Users\Luke\Large Projects\Discord\MEE6 Slander Rewrite\.git\objects\0b
[WARN] 2023-02-15 18:40:51.780386+00:00 | Cached file C:\Users\Luke\Large Projects\Discord\MEE6 Slander Rewrite\.git\objects\0b\23aec302ac7b515ddf43a4dfa02cdb531c7200
[WARN] 2023-02-15 18:40:51.780386+00:00 | Added directory C:\Users\Luke\Large Projects\Discord\MEE6 Slander Rewrite\.git\objects\1e
[WARN] 2023-02-15 18:40:51.781387+00:00 | Cached file C:\Users\Luke\Large Projects\Discord\MEE6 Slander Rewrite\.git\objects\1e\38f0f6893e567b43b87af7784e5545583ff335
[WARN] 2023-02-15 18:40:51.781387+00:00 | Added directory C:\Users\Luke\Large Projects\Discord\MEE6 Slander Rewrite\.git\objects\31
[WARN] 2023-02-15 18:40:51.781387+00:00 | Cached file C:\Users\Luke\Large Projects\Discord\MEE6 Slander Rewrite\.git\objects\31\78012cc6473a9203ca52b7b9eb5d65b05ac6d1
[WARN] 2023-02-15 18:40:51.781387+00:00 | Added directory C:\Users\Luke\Large Projects\Discord\MEE6 Slander Rewrite\.git\objects\3a
[WARN] 2023-02-15 18:40:51.782387+00:00 | Cached file C:\Users\Luke\Large Projects\Discord\MEE6 Slander Rewrite\.git\objects\3a\f2ebc55528e8da24ab82c03ea3e1dfab2817a9
[WARN] 2023-02-15 18:40:51.782387+00:00 | Added directory C:\Users\Luke\Large Projects\Discord\MEE6 Slander Rewrite\.git\objects\3c
[WARN] 2023-02-15 18:40:51.782387+00:00 | Cached file C:\Users\Luke\Large Projects\Discord\MEE6 Slander Rewrite\.git\objects\3c\2b6d34054b3ff3819bdde2851a699cbe25f479
[WARN] 2023-02-15 18:40:51.783387+00:00 | Added directory C:\Users\Luke\Large Projects\Discord\MEE6 Slander Rewrite\.git\objects\3e
[WARN] 2023-02-15 18:40:51.783387+00:00 | Cached file C:\Users\Luke\Large Projects\Discord\MEE6 Slander Rewrite\.git\objects\3e\907d75ad02ad8605fb57dccf257f5cf19d46e6
[WARN] 2023-02-15 18:40:51.783387+00:00 | Added directory C:\Users\Luke\Large Projects\Discord\MEE6 Slander Rewrite\.git\objects\4e
[WARN] 2023-02-15 18:40:51.783387+00:00 | Cached file C:\Users\Luke\Large Projects\Discord\MEE6 Slander Rewrite\.git\objects\4e\488ad499b922b5849e0aec8a1fb77cb7b19082
[WARN] 2023-02-15 18:40:51.784387+00:00 | Added directory C:\Users\Luke\Large Projects\Discord\MEE6 Slander Rewrite\.git\objects\72
[WARN] 2023-02-15 18:40:51.784387+00:00 | Cached file C:\Users\Luke\Large Projects\Discord\MEE6 Slander Rewrite\.git\objects\72\6a6f17feb6f09dee50efa5f697b3f1bb05fd59
[WARN] 2023-02-15 18:40:51.784387+00:00 | Added directory C:\Users\Luke\Large Projects\Discord\MEE6 Slander Rewrite\.git\objects\7c
[WARN] 2023-02-15 18:40:51.785388+00:00 | Cached file C:\Users\Luke\Large Projects\Discord\MEE6 Slander Rewrite\.git\objects\7c\dd9ea30666ceda42c24bcc100d1679848b00bc
[WARN] 2023-02-15 18:40:51.785388+00:00 | Added directory C:\Users\Luke\Large Projects\Discord\MEE6 Slander Rewrite\.git\objects\8a
[WARN] 2023-02-15 18:40:51.785388+00:00 | Cached file C:\Users\Luke\Large Projects\Discord\MEE6 Slander Rewrite\.git\objects\8a\c4b0f66bcd98de5e82b8c9e585403461ffbd05
[WARN] 2023-02-15 18:40:51.785388+00:00 | Added directory C:\Users\Luke\Large Projects\Discord\MEE6 Slander Rewrite\.git\objects\8d
[WARN] 2023-02-15 18:40:51.786388+00:00 | Cached file C:\Users\Luke\Large Projects\Discord\MEE6 Slander Rewrite\.git\objects\8d\dbdf835b308bf73e436d8324dc32031c729415
[WARN] 2023-02-15 18:40:51.786388+00:00 | Added directory C:\Users\Luke\Large Projects\Discord\MEE6 Slander Rewrite\.git\objects\8f
[WARN] 2023-02-15 18:40:51.786388+00:00 | Cached file C:\Users\Luke\Large Projects\Discord\MEE6 Slander Rewrite\.git\objects\8f\dedf633b4b60443871fe7765ce581f3a02f245
[WARN] 2023-02-15 18:40:51.787388+00:00 | Added directory C:\Users\Luke\Large Projects\Discord\MEE6 Slander Rewrite\.git\objects\a7
[WARN] 2023-02-15 18:40:51.787388+00:00 | Cached file C:\Users\Luke\Large Projects\Discord\MEE6 Slander Rewrite\.git\objects\a7\aa2070d0afdbff842e859595a6ef204381728b
[WARN] 2023-02-15 18:40:51.787388+00:00 | Added directory C:\Users\Luke\Large Projects\Discord\MEE6 Slander Rewrite\.git\objects\a9
[WARN] 2023-02-15 18:40:51.787388+00:00 | Cached file C:\Users\Luke\Large Projects\Discord\MEE6 Slander Rewrite\.git\objects\a9\1473f0c63f66b3ffe43e244efde2bedbb32d89
[WARN] 2023-02-15 18:40:51.788388+00:00 | Added directory C:\Users\Luke\Large Projects\Discord\MEE6 Slander Rewrite\.git\objects\ae
[WARN] 2023-02-15 18:40:51.788388+00:00 | Cached file C:\Users\Luke\Large Projects\Discord\MEE6 Slander Rewrite\.git\objects\ae\10ea4776ccf92be0847d7d04643ef7155bc904
[WARN] 2023-02-15 18:40:51.788388+00:00 | Added directory C:\Users\Luke\Large Projects\Discord\MEE6 Slander Rewrite\.git\objects\af
[WARN] 2023-02-15 18:40:51.788388+00:00 | Cached file C:\Users\Luke\Large Projects\Discord\MEE6 Slander Rewrite\.git\objects\af\955a0bd956b8e0ae6564df131c678f5800efca
[WARN] 2023-02-15 18:40:51.789389+00:00 | Added directory C:\Users\Luke\Large Projects\Discord\MEE6 Slander Rewrite\.git\objects\bb
[WARN] 2023-02-15 18:40:51.789389+00:00 | Cached file C:\Users\Luke\Large Projects\Discord\MEE6 Slander Rewrite\.git\objects\bb\02c9eafce7b54de8b4c51bae63782afe45249c
[WARN] 2023-02-15 18:40:51.789389+00:00 | Added directory C:\Users\Luke\Large Projects\Discord\MEE6 Slander Rewrite\.git\objects\c7
[WARN] 2023-02-15 18:40:51.790389+00:00 | Cached file C:\Users\Luke\Large Projects\Discord\MEE6 Slander Rewrite\.git\objects\c7\cc04331390df6f974f6bcc07b94554429c7c70
[WARN] 2023-02-15 18:40:51.790389+00:00 | Added directory C:\Users\Luke\Large Projects\Discord\MEE6 Slander Rewrite\.git\objects\d3
[WARN] 2023-02-15 18:40:51.790389+00:00 | Cached file C:\Users\Luke\Large Projects\Discord\MEE6 Slander Rewrite\.git\objects\d3\d2596385b355f21beb7fcdece3797f67b776ca
[WARN] 2023-02-15 18:40:51.790389+00:00 | Added directory C:\Users\Luke\Large Projects\Discord\MEE6 Slander Rewrite\.git\objects\db
[WARN] 2023-02-15 18:40:51.791389+00:00 | Cached file C:\Users\Luke\Large Projects\Discord\MEE6 Slander Rewrite\.git\objects\db\2efec8b9de361dc40e66c118b0b7a2400e2b29
[WARN] 2023-02-15 18:40:51.791389+00:00 | Added directory C:\Users\Luke\Large Projects\Discord\MEE6 Slander Rewrite\.git\objects\e6
[WARN] 2023-02-15 18:40:51.791389+00:00 | Cached file C:\Users\Luke\Large Projects\Discord\MEE6 Slander Rewrite\.git\objects\e6\9de29bb2d1d6434b8b29ae775ad8c2e48c5391
[WARN] 2023-02-15 18:40:51.792389+00:00 | Added directory C:\Users\Luke\Large Projects\Discord\MEE6 Slander Rewrite\.git\objects\ed
[WARN] 2023-02-15 18:40:51.792389+00:00 | Cached file C:\Users\Luke\Large Projects\Discord\MEE6 Slander Rewrite\.git\objects\ed\5e336d698112436262eb38da1a272186055f34
[WARN] 2023-02-15 18:40:51.792389+00:00 | Added directory C:\Users\Luke\Large Projects\Discord\MEE6 Slander Rewrite\.git\objects\f1
[WARN] 2023-02-15 18:40:51.792389+00:00 | Cached file C:\Users\Luke\Large Projects\Discord\MEE6 Slander Rewrite\.git\objects\f1\c31861a96e2ff99aedb4c5541be3d0aeadfd77
[WARN] 2023-02-15 18:40:51.793389+00:00 | Added directory C:\Users\Luke\Large Projects\Discord\MEE6 Slander Rewrite\.git\objects\f4
[WARN] 2023-02-15 18:40:51.793389+00:00 | Cached file C:\Users\Luke\Large Projects\Discord\MEE6 Slander Rewrite\.git\objects\f4\41ecd73aca5255f93a93a2cf826ccd0e158de7
[WARN] 2023-02-15 18:40:51.793389+00:00 | Added directory C:\Users\Luke\Large Projects\Discord\MEE6 Slander Rewrite\.git\objects\f6
[WARN] 2023-02-15 18:40:51.793389+00:00 | Cached file C:\Users\Luke\Large Projects\Discord\MEE6 Slander Rewrite\.git\objects\f6\aa170b06daf7842eb31e3b71ffcf3d7df54da1
[WARN] 2023-02-15 18:40:51.794390+00:00 | Added directory C:\Users\Luke\Large Projects\Discord\MEE6 Slander Rewrite\.git\objects\info
[WARN] 2023-02-15 18:40:51.794390+00:00 | Added directory C:\Users\Luke\Large Projects\Discord\MEE6 Slander Rewrite\.git\objects\pack
[WARN] 2023-02-15 18:40:51.794390+00:00 | Added directory C:\Users\Luke\Large Projects\Discord\MEE6 Slander Rewrite\.git\refs
[WARN] 2023-02-15 18:40:51.795390+00:00 | Added directory C:\Users\Luke\Large Projects\Discord\MEE6 Slander Rewrite\.git\refs\heads
[WARN] 2023-02-15 18:40:51.795390+00:00 | Cached file C:\Users\Luke\Large Projects\Discord\MEE6 Slander Rewrite\.git\refs\heads\Main
[WARN] 2023-02-15 18:40:51.795390+00:00 | Added directory C:\Users\Luke\Large Projects\Discord\MEE6 Slander Rewrite\.git\refs\tags
[WARN] 2023-02-15 18:40:51.795390+00:00 | Cached file C:\Users\Luke\Large Projects\Discord\MEE6 Slander Rewrite\.gitignore
[WARN] 2023-02-15 18:40:51.796390+00:00 | Added directory C:\Users\Luke\Large Projects\Discord\MEE6 Slander Rewrite\cogs
[WARN] 2023-02-15 18:40:51.796390+00:00 | Added directory C:\Users\Luke\Large Projects\Discord\MEE6 Slander Rewrite\cogs\automatic
[WARN] 2023-02-15 18:40:51.796390+00:00 | Cached file C:\Users\Luke\Large Projects\Discord\MEE6 Slander Rewrite\cogs\automatic\fileListener.py
[WARN] 2023-02-15 18:40:51.797390+00:00 | Cached file C:\Users\Luke\Large Projects\Discord\MEE6 Slander Rewrite\cogs\automatic\_base.py
[WARN] 2023-02-15 18:40:51.797390+00:00 | Cached file C:\Users\Luke\Large Projects\Discord\MEE6 Slander Rewrite\cogs\automatic\__init__.py
[WARN] 2023-02-15 18:40:51.797390+00:00 | Added directory C:\Users\Luke\Large Projects\Discord\MEE6 Slander Rewrite\cogs\automatic\__pycache__
[WARN] 2023-02-15 18:40:51.797390+00:00 | Cached file C:\Users\Luke\Large Projects\Discord\MEE6 Slander Rewrite\cogs\automatic\__pycache__\fileListener.cpython-310.pyc
[WARN] 2023-02-15 18:40:51.797390+00:00 | Cached file C:\Users\Luke\Large Projects\Discord\MEE6 Slander Rewrite\cogs\automatic\__pycache__\_base.cpython-310.pyc
[WARN] 2023-02-15 18:40:51.798739+00:00 | Cached file C:\Users\Luke\Large Projects\Discord\MEE6 Slander Rewrite\cogs\automatic\__pycache__\__init__.cpython-310.pyc
[WARN] 2023-02-15 18:40:51.799242+00:00 | Added directory C:\Users\Luke\Large Projects\Discord\MEE6 Slander Rewrite\cogs\events
[WARN] 2023-02-15 18:40:51.799242+00:00 | Cached file C:\Users\Luke\Large Projects\Discord\MEE6 Slander Rewrite\cogs\events\__init__.py
[WARN] 2023-02-15 18:40:51.799242+00:00 | Added directory C:\Users\Luke\Large Projects\Discord\MEE6 Slander Rewrite\libs
[WARN] 2023-02-15 18:40:51.799242+00:00 | Cached file C:\Users\Luke\Large Projects\Discord\MEE6 Slander Rewrite\libs\Directory.py
[WARN] 2023-02-15 18:40:51.799242+00:00 | Cached file C:\Users\Luke\Large Projects\Discord\MEE6 Slander Rewrite\libs\File.py
[WARN] 2023-02-15 18:40:51.800382+00:00 | Added directory C:\Users\Luke\Large Projects\Discord\MEE6 Slander Rewrite\libs\__pycache__
[WARN] 2023-02-15 18:40:51.800382+00:00 | Cached file C:\Users\Luke\Large Projects\Discord\MEE6 Slander Rewrite\libs\__pycache__\Directory.cpython-310.pyc
[WARN] 2023-02-15 18:40:51.800382+00:00 | Cached file C:\Users\Luke\Large Projects\Discord\MEE6 Slander Rewrite\libs\__pycache__\File.cpython-310.pyc
[WARN] 2023-02-15 18:40:51.800382+00:00 | Added directory C:\Users\Luke\Large Projects\Discord\MEE6 Slander Rewrite\logs
[WARN] 2023-02-15 18:40:51.801489+00:00 | Cached file C:\Users\Luke\Large Projects\Discord\MEE6 Slander Rewrite\logs\debug.log
[WARN] 2023-02-15 18:40:51.801489+00:00 | Added directory C:\Users\Luke\Large Projects\Discord\MEE6 Slander Rewrite\src
[WARN] 2023-02-15 18:40:51.801489+00:00 | Cached file C:\Users\Luke\Large Projects\Discord\MEE6 Slander Rewrite\src\bot.py
[WARN] 2023-02-15 18:40:51.802577+00:00 | Added directory C:\Users\Luke\Large Projects\Discord\MEE6 Slander Rewrite\src\__pycache__
[WARN] 2023-02-15 18:40:51.802577+00:00 | Cached file C:\Users\Luke\Large Projects\Discord\MEE6 Slander Rewrite\src\__pycache__\bot.cpython-310.pyc
[WARN] 2023-02-15 18:40:51.802577+00:00 | Cached file C:\Users\Luke\Large Projects\Discord\MEE6 Slander Rewrite\start.py
[WARN] 2023-02-15 18:40:51.802577+00:00 | Added directory C:\Users\Luke\Large Projects\Discord\MEE6 Slander Rewrite\utils
[WARN] 2023-02-15 18:40:51.803713+00:00 | Cached file C:\Users\Luke\Large Projects\Discord\MEE6 Slander Rewrite\utils\embeds.py
[WARN] 2023-02-15 18:40:51.803713+00:00 | Cached file C:\Users\Luke\Large Projects\Discord\MEE6 Slander Rewrite\utils\emojis.py
[WARN] 2023-02-15 18:40:51.803713+00:00 | Cached file C:\Users\Luke\Large Projects\Discord\MEE6 Slander Rewrite\utils\utils.py
[WARN] 2023-02-15 18:40:51.803713+00:00 | Cached file C:\Users\Luke\Large Projects\Discord\MEE6 Slander Rewrite\utils\__init__.py
[WARN] 2023-02-15 18:40:51.803713+00:00 | Added directory C:\Users\Luke\Large Projects\Discord\MEE6 Slander Rewrite\utils\__pycache__
[WARN] 2023-02-15 18:40:51.804828+00:00 | Cached file C:\Users\Luke\Large Projects\Discord\MEE6 Slander Rewrite\utils\__pycache__\embeds.cpython-310.pyc
[WARN] 2023-02-15 18:40:51.804828+00:00 | Cached file C:\Users\Luke\Large Projects\Discord\MEE6 Slander Rewrite\utils\__pycache__\emojis.cpython-310.pyc
[WARN] 2023-02-15 18:40:51.804828+00:00 | Cached file C:\Users\Luke\Large Projects\Discord\MEE6 Slander Rewrite\utils\__pycache__\utils.cpython-310.pyc
[WARN] 2023-02-15 18:40:51.805922+00:00 | Cached file C:\Users\Luke\Large Projects\Discord\MEE6 Slander Rewrite\utils\__pycache__\__init__.cpython-310.pyc
[WARN] 2023-02-21 11:16:42.921392+00:00 | Cached file /home/luke/MEE6 Slander Rewrite\.git
[WARN] 2023-02-21 11:16:45.950051+00:00 | Cached file /home/luke/MEE6 Slander Rewrite\.git
[WARN] 2023-02-21 11:16:48.179289+00:00 | Cached file /home/luke/MEE6 Slander Rewrite\.git
[WARN] 2023-02-21 11:16:50.187049+00:00 | Cached file /home/luke/MEE6 Slander Rewrite\.git
[WARN] 2023-02-21 11:16:52.174688+00:00 | Cached file /home/luke/MEE6 Slander Rewrite\.git
[WARN] 2023-02-21 11:16:54.229129+00:00 | Cached file /home/luke/MEE6 Slander Rewrite\.git
[WARN] 2023-02-21 11:16:56.263822+00:00 | Cached file /home/luke/MEE6 Slander Rewrite\.git
[WARN] 2023-02-21 11:16:58.241743+00:00 | Cached file /home/luke/MEE6 Slander Rewrite\.git
[WARN] 2023-02-21 11:17:00.210259+00:00 | Cached file /home/luke/MEE6 Slander Rewrite\.git
[WARN] 2023-02-21 11:17:02.234270+00:00 | Cached file /home/luke/MEE6 Slander Rewrite\.git
[WARN] 2023-02-21 11:17:04.385108+00:00 | Cached file /home/luke/MEE6 Slander Rewrite\.git
[WARN] 2023-02-21 11:17:06.390062+00:00 | Cached file /home/luke/MEE6 Slander Rewrite\.git
[WARN] 2023-02-21 11:17:08.438169+00:00 | Cached file /home/luke/MEE6 Slander Rewrite\.git
[WARN] 2023-02-21 11:17:10.375724+00:00 | Cached file /home/luke/MEE6 Slander Rewrite\.git
[WARN] 2023-02-21 11:17:12.319278+00:00 | Cached file /home/luke/MEE6 Slander Rewrite\.git
[WARN] 2023-02-21 11:17:14.426985+00:00 | Cached file /home/luke/MEE6 Slander Rewrite\.git
[WARN] 2023-02-21 11:17:16.412964+00:00 | Cached file /home/luke/MEE6 Slander Rewrite\.git
[WARN] 2023-02-21 11:17:18.449155+00:00 | Cached file /home/luke/MEE6 Slander Rewrite\.git
